# JRE version: Java(TM) SE Runtime Environment (8.0_60-b27) (build 1.8.0_60-b27)
# Java VM: Java HotSpot(TM) 64-Bit Server VM (25.60-b23 mixed mode windows-amd64 compressed oops)
Heap:
 PSYoungGen      total 232448K, used 132726K [0x00000000eab00000, 0x00000000fa980000, 0x0000000100000000)
  eden space 204288K, 60% used [0x00000000eab00000,0x00000000f22e78a0,0x00000000f7280000)
  from space 28160K, 35% used [0x00000000f8e00000,0x00000000f97b62e8,0x00000000fa980000)
  to   space 22528K, 0% used [0x00000000f7480000,0x00000000f7480000,0x00000000f8a80000)
 ParOldGen       total 105472K, used 47830K [0x00000000c0000000, 0x00000000c6700000, 0x00000000eab00000)
  object space 105472K, 45% used [0x00000000c0000000,0x00000000c2eb5b48,0x00000000c6700000)
 Metaspace       used 53294K, capacity 56398K, committed 56704K, reserved 1097728K
  class space    used 7262K, capacity 8230K, committed 8320K, reserved 1048576K
GC Heap History (10 events):
Event: 6.972 GC heap before
{Heap before GC invocations=11 (full 2):
 PSYoungGen      total 166400K, used 14454K [0x00000000eab00000, 0x00000000fa100000, 0x0000000100000000)
  eden space 148992K, 0% used [0x00000000eab00000,0x00000000eab00000,0x00000000f3c80000)
  from space 17408K, 83% used [0x00000000f3c80000,0x00000000f4a9d950,0x00000000f4d80000)
  to   space 19456K, 0% used [0x00000000f8e00000,0x00000000f8e00000,0x00000000fa100000)
 ParOldGen       total 76800K, used 14794K [0x00000000c0000000, 0x00000000c4b00000, 0x00000000eab00000)
  object space 76800K, 19% used [0x00000000c0000000,0x00000000c0e72b20,0x00000000c4b00000)
 Metaspace       used 34337K, capacity 35386K, committed 35456K, reserved 1079296K
  class space    used 4588K, capacity 4988K, committed 4992K, reserved 1048576K
Event: 7.197 GC heap after
Heap after GC invocations=11 (full 2):
 PSYoungGen      total 166400K, used 0K [0x00000000eab00000, 0x00000000fa100000, 0x0000000100000000)
  eden space 148992K, 0% used [0x00000000eab00000,0x00000000eab00000,0x00000000f3c80000)
  from space 17408K, 0% used [0x00000000f3c80000,0x00000000f3c80000,0x00000000f4d80000)
  to   space 19456K, 0% used [0x00000000f8e00000,0x00000000f8e00000,0x00000000fa100000)
 ParOldGen       total 105472K, used 21091K [0x00000000c0000000, 0x00000000c6700000, 0x00000000eab00000)
  object space 105472K, 19% used [0x00000000c0000000,0x00000000c1498f78,0x00000000c6700000)
 Metaspace       used 34303K, capacity 35272K, committed 35456K, reserved 1079296K
  class space    used 4582K, capacity 4954K, committed 4992K, reserved 1048576K
}
Event: 8.939 GC heap before
{Heap before GC invocations=12 (full 2):
 PSYoungGen      total 166400K, used 148992K [0x00000000eab00000, 0x00000000fa100000, 0x0000000100000000)
  eden space 148992K, 100% used [0x00000000eab00000,0x00000000f3c80000,0x00000000f3c80000)
  from space 17408K, 0% used [0x00000000f3c80000,0x00000000f3c80000,0x00000000f4d80000)
  to   space 19456K, 0% used [0x00000000f8e00000,0x00000000f8e00000,0x00000000fa100000)
 ParOldGen       total 105472K, used 21091K [0x00000000c0000000, 0x00000000c6700000, 0x00000000eab00000)
  object space 105472K, 19% used [0x00000000c0000000,0x00000000c1498f78,0x00000000c6700000)
 Metaspace       used 39865K, capacity 41278K, committed 41472K, reserved 1085440K
  class space    used 5473K, capacity 6043K, committed 6144K, reserved 1048576K
Event: 8.982 GC heap after
Heap after GC invocations=12 (full 2):
 PSYoungGen      total 223232K, used 18697K [0x00000000eab00000, 0x00000000fa080000, 0x0000000100000000)
  eden space 204288K, 0% used [0x00000000eab00000,0x00000000eab00000,0x00000000f7280000)
  from space 18944K, 98% used [0x00000000f8e00000,0x00000000fa0425e0,0x00000000fa080000)
  to   space 22528K, 0% used [0x00000000f7480000,0x00000000f7480000,0x00000000f8a80000)
 ParOldGen       total 105472K, used 21091K [0x00000000c0000000, 0x00000000c6700000, 0x00000000eab00000)
  object space 105472K, 19% used [0x00000000c0000000,0x00000000c1498f78,0x00000000c6700000)
 Metaspace       used 39865K, capacity 41278K, committed 41472K, reserved 1085440K
  class space    used 5473K, capacity 6043K, committed 6144K, reserved 1048576K
}
Event: 10.163 GC heap before
{Heap before GC invocations=13 (full 2):
 PSYoungGen      total 223232K, used 125322K [0x00000000eab00000, 0x00000000fa080000, 0x0000000100000000)
  eden space 204288K, 52% used [0x00000000eab00000,0x00000000f13205f8,0x00000000f7280000)
  from space 18944K, 98% used [0x00000000f8e00000,0x00000000fa0425e0,0x00000000fa080000)
  to   space 22528K, 0% used [0x00000000f7480000,0x00000000f7480000,0x00000000f8a80000)
 ParOldGen       total 105472K, used 21091K [0x00000000c0000000, 0x00000000c6700000, 0x00000000eab00000)
  object space 105472K, 19% used [0x00000000c0000000,0x00000000c1498f78,0x00000000c6700000)
 Metaspace       used 43453K, capacity 45374K, committed 45568K, reserved 1087488K
  class space    used 6047K, capacity 6789K, committed 6912K, reserved 1048576K
Event: 10.224 GC heap after
Heap after GC invocations=13 (full 2):
 PSYoungGen      total 226816K, used 22511K [0x00000000eab00000, 0x00000000fa980000, 0x0000000100000000)
  eden space 204288K, 0% used [0x00000000eab00000,0x00000000eab00000,0x00000000f7280000)
  from space 22528K, 99% used [0x00000000f7480000,0x00000000f8a7bdd0,0x00000000f8a80000)
  to   space 28160K, 0% used [0x00000000f8e00000,0x00000000f8e00000,0x00000000fa980000)
 ParOldGen       total 105472K, used 26900K [0x00000000c0000000, 0x00000000c6700000, 0x00000000eab00000)
  object space 105472K, 25% used [0x00000000c0000000,0x00000000c1a45060,0x00000000c6700000)
 Metaspace       used 43453K, capacity 45374K, committed 45568K, reserved 1087488K
  class space    used 6047K, capacity 6789K, committed 6912K, reserved 1048576K
}
Event: 10.224 GC heap before
{Heap before GC invocations=14 (full 3):
 PSYoungGen      total 226816K, used 22511K [0x00000000eab00000, 0x00000000fa980000, 0x0000000100000000)
  eden space 204288K, 0% used [0x00000000eab00000,0x00000000eab00000,0x00000000f7280000)
  from space 22528K, 99% used [0x00000000f7480000,0x00000000f8a7bdd0,0x00000000f8a80000)
  to   space 28160K, 0% used [0x00000000f8e00000,0x00000000f8e00000,0x00000000fa980000)
 ParOldGen       total 105472K, used 26900K [0x00000000c0000000, 0x00000000c6700000, 0x00000000eab00000)
  object space 105472K, 25% used [0x00000000c0000000,0x00000000c1a45060,0x00000000c6700000)
 Metaspace       used 43453K, capacity 45374K, committed 45568K, reserved 1087488K
  class space    used 6047K, capacity 6789K, committed 6912K, reserved 1048576K
Event: 10.841 GC heap after
Heap after GC invocations=14 (full 3):
 PSYoungGen      total 226816K, used 0K [0x00000000eab00000, 0x00000000fa980000, 0x0000000100000000)
  eden space 204288K, 0% used [0x00000000eab00000,0x00000000eab00000,0x00000000f7280000)
  from space 22528K, 0% used [0x00000000f7480000,0x00000000f7480000,0x00000000f8a80000)
  to   space 28160K, 0% used [0x00000000f8e00000,0x00000000f8e00000,0x00000000fa980000)
 ParOldGen       total 105472K, used 47822K [0x00000000c0000000, 0x00000000c6700000, 0x00000000eab00000)
  object space 105472K, 45% used [0x00000000c0000000,0x00000000c2eb3b48,0x00000000c6700000)
 Metaspace       used 43453K, capacity 45374K, committed 45568K, reserved 1087488K
  class space    used 6047K, capacity 6789K, committed 6912K, reserved 1048576K
}
Event: 6980.426 GC heap before
{Heap before GC invocations=15 (full 3):
 PSYoungGen      total 226816K, used 204288K [0x00000000eab00000, 0x00000000fa980000, 0x0000000100000000)
  eden space 204288K, 100% used [0x00000000eab00000,0x00000000f7280000,0x00000000f7280000)
  from space 22528K, 0% used [0x00000000f7480000,0x00000000f7480000,0x00000000f8a80000)
  to   space 28160K, 0% used [0x00000000f8e00000,0x00000000f8e00000,0x00000000fa980000)
 ParOldGen       total 105472K, used 47822K [0x00000000c0000000, 0x00000000c6700000, 0x00000000eab00000)
  object space 105472K, 45% used [0x00000000c0000000,0x00000000c2eb3b48,0x00000000c6700000)
 Metaspace       used 51795K, capacity 54212K, committed 54272K, reserved 1095680K
  class space    used 7054K, capacity 7924K, committed 7936K, reserved 1048576K
Event: 6980.460 GC heap after
Heap after GC invocations=15 (full 3):
 PSYoungGen      total 232448K, used 9944K [0x00000000eab00000, 0x00000000fa980000, 0x0000000100000000)
  eden space 204288K, 0% used [0x00000000eab00000,0x00000000eab00000,0x00000000f7280000)
  from space 28160K, 35% used [0x00000000f8e00000,0x00000000f97b62e8,0x00000000fa980000)
  to   space 22528K, 0% used [0x00000000f7480000,0x00000000f7480000,0x00000000f8a80000)
 ParOldGen       total 105472K, used 47830K [0x00000000c0000000, 0x00000000c6700000, 0x00000000eab00000)
  object space 105472K, 45% used [0x00000000c0000000,0x00000000c2eb5b48,0x00000000c6700000)
 Metaspace       used 51795K, capacity 54212K, committed 54272K, reserved 1095680K
  class space    used 7054K, capacity 7924K, committed 7936K, reserved 1048576K
}

